K:\WORKSPACE\VISUAL STUDIO\TRUNK\SEADEFENCE-ALL_PLATFROM\SEA-DEFENCE\DMENGINE\PROJ.WP8\DEBUG\DMENGINE.PCH
K:\WORKSPACE\VISUAL STUDIO\TRUNK\SEADEFENCE-ALL_PLATFROM\SEA-DEFENCE\DMENGINE\PROJ.WP8\DEBUG\PCH.OBJ
K:\WORKSPACE\VISUAL STUDIO\TRUNK\SEADEFENCE-ALL_PLATFROM\SEA-DEFENCE\DMENGINE\PROJ.WP8\DEBUG\VC110.PDB
K:\WORKSPACE\VISUAL STUDIO\TRUNK\SEADEFENCE-ALL_PLATFROM\SEA-DEFENCE\DMENGINE\PROJ.WP8\DEBUG\DMDIRECTION.OBJ
K:\WORKSPACE\VISUAL STUDIO\TRUNK\SEADEFENCE-ALL_PLATFROM\SEA-DEFENCE\DMENGINE\PROJ.WP8\DEBUG\DMGRAPHICSMATH.OBJ
K:\WORKSPACE\VISUAL STUDIO\TRUNK\SEADEFENCE-ALL_PLATFROM\SEA-DEFENCE\DMENGINE\PROJ.WP8\DEBUG\DMLINE.OBJ
K:\WORKSPACE\VISUAL STUDIO\TRUNK\SEADEFENCE-ALL_PLATFROM\SEA-DEFENCE\DMENGINE\PROJ.WP8\DEBUG\DMPOINT.OBJ
K:\WORKSPACE\VISUAL STUDIO\TRUNK\SEADEFENCE-ALL_PLATFROM\SEA-DEFENCE\DMENGINE\PROJ.WP8\DEBUG\DMRECT.OBJ
K:\WORKSPACE\VISUAL STUDIO\TRUNK\SEADEFENCE-ALL_PLATFROM\SEA-DEFENCE\DMENGINE\PROJ.WP8\DEBUG\DMMATH.OBJ
K:\WORKSPACE\VISUAL STUDIO\TRUNK\SEADEFENCE-ALL_PLATFROM\SEA-DEFENCE\DMENGINE\PROJ.WP8\DEBUG\DMBYTEBUFFER.OBJ
K:\WORKSPACE\VISUAL STUDIO\TRUNK\SEADEFENCE-ALL_PLATFROM\SEA-DEFENCE\DMENGINE\PROJ.WP8\DEBUG\DMCOLLISION.OBJ
K:\WORKSPACE\VISUAL STUDIO\TRUNK\SEADEFENCE-ALL_PLATFROM\SEA-DEFENCE\DMENGINE\PROJ.WP8\DEBUG\DMGRAPHICSUTILS.OBJ
K:\WORKSPACE\VISUAL STUDIO\TRUNK\SEADEFENCE-ALL_PLATFROM\SEA-DEFENCE\DMENGINE\PROJ.WP8\DEBUG\DMHASH.OBJ
K:\WORKSPACE\VISUAL STUDIO\TRUNK\SEADEFENCE-ALL_PLATFROM\SEA-DEFENCE\DMENGINE\PROJ.WP8\DEBUG\DMLOGGER.OBJ
K:\WORKSPACE\VISUAL STUDIO\TRUNK\SEADEFENCE-ALL_PLATFROM\SEA-DEFENCE\DMENGINE\PROJ.WP8\DEBUG\DMPROBABILITYUTIL.OBJ
K:\WORKSPACE\VISUAL STUDIO\TRUNK\SEADEFENCE-ALL_PLATFROM\SEA-DEFENCE\DMENGINE\PROJ.WP8\DEBUG\DMRANDOM.OBJ
K:\WORKSPACE\VISUAL STUDIO\TRUNK\SEADEFENCE-ALL_PLATFROM\SEA-DEFENCE\DMENGINE\PROJ.WP8\DEBUG\DMREFARRAY.OBJ
K:\WORKSPACE\VISUAL STUDIO\TRUNK\SEADEFENCE-ALL_PLATFROM\SEA-DEFENCE\DMENGINE\PROJ.WP8\DEBUG\DMSTRINGUTIL.OBJ
K:\WORKSPACE\VISUAL STUDIO\TRUNK\SEADEFENCE-ALL_PLATFROM\SEA-DEFENCE\DMENGINE\PROJ.WP8\DEBUG\DMTIME.OBJ
K:\WORKSPACE\VISUAL STUDIO\TRUNK\SEADEFENCE-ALL_PLATFROM\SEA-DEFENCE\DMENGINE\PROJ.WP8\DEBUG\DMVECTOR.OBJ
K:\WORKSPACE\VISUAL STUDIO\TRUNK\SEADEFENCE-ALL_PLATFROM\SEA-DEFENCE\DMENGINE\PROJ.WP8\DEBUG\DMZONEHELPER.OBJ
K:\WORKSPACE\VISUAL STUDIO\TRUNK\SEADEFENCE-ALL_PLATFROM\SEA-DEFENCE\DMENGINE\PROJ.WP8\DEBUG\DMREFARRAY_P.OBJ
K:\WORKSPACE\VISUAL STUDIO\TRUNK\SEADEFENCE-ALL_PLATFROM\SEA-DEFENCE\DMENGINE\PROJ.WP8\DEBUG\DLLMAIN.OBJ
K:\WORKSPACE\VISUAL STUDIO\TRUNK\SEADEFENCE-ALL_PLATFROM\SEA-DEFENCE\DMENGINE\PROJ.WP8\DEBUG\DMAPPLICATION.OBJ
K:\WORKSPACE\VISUAL STUDIO\TRUNK\SEADEFENCE-ALL_PLATFROM\SEA-DEFENCE\DMENGINE\PROJ.WP8\DEBUG\DMAUTORELEASEMGR.OBJ
K:\WORKSPACE\VISUAL STUDIO\TRUNK\SEADEFENCE-ALL_PLATFROM\SEA-DEFENCE\DMENGINE\PROJ.WP8\DEBUG\DMCOREAPPLICATION.OBJ
K:\WORKSPACE\VISUAL STUDIO\TRUNK\SEADEFENCE-ALL_PLATFROM\SEA-DEFENCE\DMENGINE\PROJ.WP8\DEBUG\DMEVENTFILTER.OBJ
K:\WORKSPACE\VISUAL STUDIO\TRUNK\SEADEFENCE-ALL_PLATFROM\SEA-DEFENCE\DMENGINE\PROJ.WP8\DEBUG\DMGRAPHICSITEM.OBJ
K:\WORKSPACE\VISUAL STUDIO\TRUNK\SEADEFENCE-ALL_PLATFROM\SEA-DEFENCE\DMENGINE\PROJ.WP8\DEBUG\DMGRAPHICSOBJECT.OBJ
K:\WORKSPACE\VISUAL STUDIO\TRUNK\SEADEFENCE-ALL_PLATFROM\SEA-DEFENCE\DMENGINE\PROJ.WP8\DEBUG\DMLIVEOBJECT.OBJ
K:\WORKSPACE\VISUAL STUDIO\TRUNK\SEADEFENCE-ALL_PLATFROM\SEA-DEFENCE\DMENGINE\PROJ.WP8\DEBUG\DMMALLOC.OBJ
K:\WORKSPACE\VISUAL STUDIO\TRUNK\SEADEFENCE-ALL_PLATFROM\SEA-DEFENCE\DMENGINE\PROJ.WP8\DEBUG\DMOBJECT.OBJ
K:\WORKSPACE\VISUAL STUDIO\TRUNK\SEADEFENCE-ALL_PLATFROM\SEA-DEFENCE\DMENGINE\PROJ.WP8\DEBUG\DMOBSERVER.OBJ
K:\WORKSPACE\VISUAL STUDIO\TRUNK\SEADEFENCE-ALL_PLATFROM\SEA-DEFENCE\DMENGINE\PROJ.WP8\DEBUG\DMTIMER.OBJ
K:\WORKSPACE\VISUAL STUDIO\TRUNK\SEADEFENCE-ALL_PLATFROM\SEA-DEFENCE\DMENGINE\PROJ.WP8\DEBUG\DMLIVEOBJECT_P.OBJ
K:\WORKSPACE\VISUAL STUDIO\TRUNK\SEADEFENCE-ALL_PLATFROM\SEA-DEFENCE\DMENGINE\PROJ.WP8\DEBUG\DMTHREAD.OBJ
K:\WORKSPACE\VISUAL STUDIO\TRUNK\SEADEFENCE-ALL_PLATFROM\SEA-DEFENCE\DMENGINE\PROJ.WP8\DEBUG\DMCIRCLE.OBJ
K:\WORKSPACE\VISUAL STUDIO\COCOS2D-X-2.2\COCOS2D-X-2.2\SAMPLES\CPP\SEADEFENCE-ALL_PLATFROM\SEA-DEFENCE\DMENGINE\PROJ.WP8\DEBUG\DMENGINE.PCH
K:\WORKSPACE\VISUAL STUDIO\COCOS2D-X-2.2\COCOS2D-X-2.2\SAMPLES\CPP\SEADEFENCE-ALL_PLATFROM\SEA-DEFENCE\DMENGINE\PROJ.WP8\DEBUG\PCH.OBJ
K:\WORKSPACE\VISUAL STUDIO\COCOS2D-X-2.2\COCOS2D-X-2.2\SAMPLES\CPP\SEADEFENCE-ALL_PLATFROM\SEA-DEFENCE\DMENGINE\PROJ.WP8\DEBUG\VC110.PDB
K:\WORKSPACE\VISUAL STUDIO\COCOS2D-X-2.2\COCOS2D-X-2.2\SAMPLES\CPP\SEADEFENCE-ALL_PLATFROM\SEA-DEFENCE\DMENGINE\PROJ.WP8\DEBUG\DMDIRECTION.OBJ
K:\WORKSPACE\VISUAL STUDIO\COCOS2D-X-2.2\COCOS2D-X-2.2\SAMPLES\CPP\SEADEFENCE-ALL_PLATFROM\SEA-DEFENCE\DMENGINE\PROJ.WP8\DEBUG\DMGRAPHICSMATH.OBJ
K:\WORKSPACE\VISUAL STUDIO\COCOS2D-X-2.2\COCOS2D-X-2.2\SAMPLES\CPP\SEADEFENCE-ALL_PLATFROM\SEA-DEFENCE\DMENGINE\PROJ.WP8\DEBUG\DMLINE.OBJ
K:\WORKSPACE\VISUAL STUDIO\COCOS2D-X-2.2\COCOS2D-X-2.2\SAMPLES\CPP\SEADEFENCE-ALL_PLATFROM\SEA-DEFENCE\DMENGINE\PROJ.WP8\DEBUG\DMPOINT.OBJ
K:\WORKSPACE\VISUAL STUDIO\COCOS2D-X-2.2\COCOS2D-X-2.2\SAMPLES\CPP\SEADEFENCE-ALL_PLATFROM\SEA-DEFENCE\DMENGINE\PROJ.WP8\DEBUG\DMRECT.OBJ
K:\WORKSPACE\VISUAL STUDIO\COCOS2D-X-2.2\COCOS2D-X-2.2\SAMPLES\CPP\SEADEFENCE-ALL_PLATFROM\SEA-DEFENCE\DMENGINE\PROJ.WP8\DEBUG\DMMATH.OBJ
K:\WORKSPACE\VISUAL STUDIO\COCOS2D-X-2.2\COCOS2D-X-2.2\SAMPLES\CPP\SEADEFENCE-ALL_PLATFROM\SEA-DEFENCE\DMENGINE\PROJ.WP8\DEBUG\DMBYTEBUFFER.OBJ
K:\WORKSPACE\VISUAL STUDIO\COCOS2D-X-2.2\COCOS2D-X-2.2\SAMPLES\CPP\SEADEFENCE-ALL_PLATFROM\SEA-DEFENCE\DMENGINE\PROJ.WP8\DEBUG\DMCOLLISION.OBJ
K:\WORKSPACE\VISUAL STUDIO\COCOS2D-X-2.2\COCOS2D-X-2.2\SAMPLES\CPP\SEADEFENCE-ALL_PLATFROM\SEA-DEFENCE\DMENGINE\PROJ.WP8\DEBUG\DMGRAPHICSUTILS.OBJ
K:\WORKSPACE\VISUAL STUDIO\COCOS2D-X-2.2\COCOS2D-X-2.2\SAMPLES\CPP\SEADEFENCE-ALL_PLATFROM\SEA-DEFENCE\DMENGINE\PROJ.WP8\DEBUG\DMHASH.OBJ
K:\WORKSPACE\VISUAL STUDIO\COCOS2D-X-2.2\COCOS2D-X-2.2\SAMPLES\CPP\SEADEFENCE-ALL_PLATFROM\SEA-DEFENCE\DMENGINE\PROJ.WP8\DEBUG\DMLOGGER.OBJ
K:\WORKSPACE\VISUAL STUDIO\COCOS2D-X-2.2\COCOS2D-X-2.2\SAMPLES\CPP\SEADEFENCE-ALL_PLATFROM\SEA-DEFENCE\DMENGINE\PROJ.WP8\DEBUG\DMPROBABILITYUTIL.OBJ
K:\WORKSPACE\VISUAL STUDIO\COCOS2D-X-2.2\COCOS2D-X-2.2\SAMPLES\CPP\SEADEFENCE-ALL_PLATFROM\SEA-DEFENCE\DMENGINE\PROJ.WP8\DEBUG\DMRANDOM.OBJ
K:\WORKSPACE\VISUAL STUDIO\COCOS2D-X-2.2\COCOS2D-X-2.2\SAMPLES\CPP\SEADEFENCE-ALL_PLATFROM\SEA-DEFENCE\DMENGINE\PROJ.WP8\DEBUG\DMREFARRAY.OBJ
K:\WORKSPACE\VISUAL STUDIO\COCOS2D-X-2.2\COCOS2D-X-2.2\SAMPLES\CPP\SEADEFENCE-ALL_PLATFROM\SEA-DEFENCE\DMENGINE\PROJ.WP8\DEBUG\DMSTRINGUTIL.OBJ
K:\WORKSPACE\VISUAL STUDIO\COCOS2D-X-2.2\COCOS2D-X-2.2\SAMPLES\CPP\SEADEFENCE-ALL_PLATFROM\SEA-DEFENCE\DMENGINE\PROJ.WP8\DEBUG\DMVECTOR.OBJ
K:\WORKSPACE\VISUAL STUDIO\COCOS2D-X-2.2\COCOS2D-X-2.2\SAMPLES\CPP\SEADEFENCE-ALL_PLATFROM\SEA-DEFENCE\DMENGINE\PROJ.WP8\DEBUG\DMZONEHELPER.OBJ
K:\WORKSPACE\VISUAL STUDIO\COCOS2D-X-2.2\COCOS2D-X-2.2\SAMPLES\CPP\SEADEFENCE-ALL_PLATFROM\SEA-DEFENCE\DMENGINE\PROJ.WP8\DEBUG\DMREFARRAY_P.OBJ
K:\WORKSPACE\VISUAL STUDIO\COCOS2D-X-2.2\COCOS2D-X-2.2\SAMPLES\CPP\SEADEFENCE-ALL_PLATFROM\SEA-DEFENCE\DMENGINE\PROJ.WP8\DEBUG\DLLMAIN.OBJ
K:\WORKSPACE\VISUAL STUDIO\COCOS2D-X-2.2\COCOS2D-X-2.2\SAMPLES\CPP\SEADEFENCE-ALL_PLATFROM\SEA-DEFENCE\DMENGINE\PROJ.WP8\DEBUG\DMAPPLICATION.OBJ
K:\WORKSPACE\VISUAL STUDIO\COCOS2D-X-2.2\COCOS2D-X-2.2\SAMPLES\CPP\SEADEFENCE-ALL_PLATFROM\SEA-DEFENCE\DMENGINE\PROJ.WP8\DEBUG\DMAUTORELEASEMGR.OBJ
K:\WORKSPACE\VISUAL STUDIO\COCOS2D-X-2.2\COCOS2D-X-2.2\SAMPLES\CPP\SEADEFENCE-ALL_PLATFROM\SEA-DEFENCE\DMENGINE\PROJ.WP8\DEBUG\DMCOREAPPLICATION.OBJ
K:\WORKSPACE\VISUAL STUDIO\COCOS2D-X-2.2\COCOS2D-X-2.2\SAMPLES\CPP\SEADEFENCE-ALL_PLATFROM\SEA-DEFENCE\DMENGINE\PROJ.WP8\DEBUG\DMEVENTFILTER.OBJ
K:\WORKSPACE\VISUAL STUDIO\COCOS2D-X-2.2\COCOS2D-X-2.2\SAMPLES\CPP\SEADEFENCE-ALL_PLATFROM\SEA-DEFENCE\DMENGINE\PROJ.WP8\DEBUG\DMGRAPHICSITEM.OBJ
K:\WORKSPACE\VISUAL STUDIO\COCOS2D-X-2.2\COCOS2D-X-2.2\SAMPLES\CPP\SEADEFENCE-ALL_PLATFROM\SEA-DEFENCE\DMENGINE\PROJ.WP8\DEBUG\DMGRAPHICSOBJECT.OBJ
K:\WORKSPACE\VISUAL STUDIO\COCOS2D-X-2.2\COCOS2D-X-2.2\SAMPLES\CPP\SEADEFENCE-ALL_PLATFROM\SEA-DEFENCE\DMENGINE\PROJ.WP8\DEBUG\DMLIVEOBJECT.OBJ
K:\WORKSPACE\VISUAL STUDIO\COCOS2D-X-2.2\COCOS2D-X-2.2\SAMPLES\CPP\SEADEFENCE-ALL_PLATFROM\SEA-DEFENCE\DMENGINE\PROJ.WP8\DEBUG\DMMALLOC.OBJ
K:\WORKSPACE\VISUAL STUDIO\COCOS2D-X-2.2\COCOS2D-X-2.2\SAMPLES\CPP\SEADEFENCE-ALL_PLATFROM\SEA-DEFENCE\DMENGINE\PROJ.WP8\DEBUG\DMOBJECT.OBJ
K:\WORKSPACE\VISUAL STUDIO\COCOS2D-X-2.2\COCOS2D-X-2.2\SAMPLES\CPP\SEADEFENCE-ALL_PLATFROM\SEA-DEFENCE\DMENGINE\PROJ.WP8\DEBUG\DMOBSERVER.OBJ
K:\WORKSPACE\VISUAL STUDIO\COCOS2D-X-2.2\COCOS2D-X-2.2\SAMPLES\CPP\SEADEFENCE-ALL_PLATFROM\SEA-DEFENCE\DMENGINE\PROJ.WP8\DEBUG\DMTIMER.OBJ
K:\WORKSPACE\VISUAL STUDIO\COCOS2D-X-2.2\COCOS2D-X-2.2\SAMPLES\CPP\SEADEFENCE-ALL_PLATFROM\SEA-DEFENCE\DMENGINE\PROJ.WP8\DEBUG\DMLIVEOBJECT_P.OBJ
K:\WORKSPACE\VISUAL STUDIO\COCOS2D-X-2.2\COCOS2D-X-2.2\SAMPLES\CPP\SEADEFENCE-ALL_PLATFROM\SEA-DEFENCE\DMENGINE\PROJ.WP8\DEBUG\DMTHREAD.OBJ
K:\WORKSPACE\VISUAL STUDIO\COCOS2D-X-2.2\COCOS2D-X-2.2\SAMPLES\CPP\SEADEFENCE-ALL_PLATFROM\SEA-DEFENCE\DMENGINE\PROJ.WP8\DEBUG\DMCIRCLE.OBJ
K:\WORKSPACE\VISUAL STUDIO\COCOS2D-X-2.2\COCOS2D-X-2.2\SAMPLES\CPP\SEADEFENCE-ALL_PLATFROM\SEA-DEFENCE\DMENGINE\PROJ.WP8\DEBUG\DMTIME.OBJ
K:\workspace\visual studio\trunk\seadefence-all_platfrom\sea-defence\libs\Debug\dmengine\dmengine.lib
K:\workspace\visual studio\trunk\seadefence-all_platfrom\sea-defence\libs\Debug\dmengine\dmengine.exp
K:\workspace\visual studio\cocos2d-x-2.2\cocos2d-x-2.2\samples\Cpp\seadefence-all_platfrom\sea-defence\dmengine\proj.wp8\Debug\wp8\dmengine\dmengine.lib
K:\workspace\visual studio\cocos2d-x-2.2\cocos2d-x-2.2\samples\Cpp\seadefence-all_platfrom\sea-defence\dmengine\proj.wp8\Debug\wp8\dmengine\dmengine.exp
K:\WORKSPACE\VISUAL STUDIO\TRUNK\SEADEFENCE-ALL_PLATFROM\SEA-DEFENCE\LIBS\DEBUG\DMENGINE\DMENGINE.ILK
K:\WORKSPACE\VISUAL STUDIO\TRUNK\SEADEFENCE-ALL_PLATFROM\SEA-DEFENCE\LIBS\DEBUG\DMENGINE\DMENGINE.DLL
K:\WORKSPACE\VISUAL STUDIO\TRUNK\SEADEFENCE-ALL_PLATFROM\SEA-DEFENCE\LIBS\DEBUG\DMENGINE\DMENGINE.PDB
K:\WORKSPACE\VISUAL STUDIO\COCOS2D-X-2.2\COCOS2D-X-2.2\SAMPLES\CPP\SEADEFENCE-ALL_PLATFROM\SEA-DEFENCE\DMENGINE\PROJ.WP8\DEBUG\WP8\DMENGINE\DMENGINE.ILK
K:\WORKSPACE\VISUAL STUDIO\COCOS2D-X-2.2\COCOS2D-X-2.2\SAMPLES\CPP\SEADEFENCE-ALL_PLATFROM\SEA-DEFENCE\DMENGINE\PROJ.WP8\DEBUG\WP8\DMENGINE\DMENGINE.DLL
K:\WORKSPACE\VISUAL STUDIO\COCOS2D-X-2.2\COCOS2D-X-2.2\SAMPLES\CPP\SEADEFENCE-ALL_PLATFROM\SEA-DEFENCE\DMENGINE\PROJ.WP8\DEBUG\WP8\DMENGINE\DMENGINE.PDB
K:\workspace\visual studio\cocos2d-x-2.2\cocos2d-x-2.2\samples\Cpp\seadefence-all_platfrom\sea-defence\dmengine\proj.wp8\Debug\dmengine.vcxprojResolveAssemblyReference.cache
K:\workspace\visual studio\cocos2d-x-2.2\cocos2d-x-2.2\samples\Cpp\seadefence-all_platfrom\sea-defence\dmengine\proj.wp8\Debug\dllmain.obj
K:\workspace\visual studio\cocos2d-x-2.2\cocos2d-x-2.2\samples\Cpp\seadefence-all_platfrom\sea-defence\dmengine\proj.wp8\Debug\dmapplication.obj
K:\workspace\visual studio\cocos2d-x-2.2\cocos2d-x-2.2\samples\Cpp\seadefence-all_platfrom\sea-defence\dmengine\proj.wp8\Debug\dmautoreleasemgr.obj
K:\workspace\visual studio\cocos2d-x-2.2\cocos2d-x-2.2\samples\Cpp\seadefence-all_platfrom\sea-defence\dmengine\proj.wp8\Debug\dmbytebuffer.obj
K:\workspace\visual studio\cocos2d-x-2.2\cocos2d-x-2.2\samples\Cpp\seadefence-all_platfrom\sea-defence\dmengine\proj.wp8\Debug\dmcircle.obj
K:\workspace\visual studio\cocos2d-x-2.2\cocos2d-x-2.2\samples\Cpp\seadefence-all_platfrom\sea-defence\dmengine\proj.wp8\Debug\dmcollision.obj
K:\workspace\visual studio\cocos2d-x-2.2\cocos2d-x-2.2\samples\Cpp\seadefence-all_platfrom\sea-defence\dmengine\proj.wp8\Debug\dmcoreapplication.obj
K:\workspace\visual studio\cocos2d-x-2.2\cocos2d-x-2.2\samples\Cpp\seadefence-all_platfrom\sea-defence\dmengine\proj.wp8\Debug\dmdirection.obj
K:\workspace\visual studio\cocos2d-x-2.2\cocos2d-x-2.2\samples\Cpp\seadefence-all_platfrom\sea-defence\dmengine\proj.wp8\Debug\dmeventfilter.obj
K:\workspace\visual studio\cocos2d-x-2.2\cocos2d-x-2.2\samples\Cpp\seadefence-all_platfrom\sea-defence\dmengine\proj.wp8\Debug\dmgraphicsitem.obj
K:\workspace\visual studio\cocos2d-x-2.2\cocos2d-x-2.2\samples\Cpp\seadefence-all_platfrom\sea-defence\dmengine\proj.wp8\Debug\dmgraphicsmath.obj
K:\workspace\visual studio\cocos2d-x-2.2\cocos2d-x-2.2\samples\Cpp\seadefence-all_platfrom\sea-defence\dmengine\proj.wp8\Debug\dmgraphicsobject.obj
K:\workspace\visual studio\cocos2d-x-2.2\cocos2d-x-2.2\samples\Cpp\seadefence-all_platfrom\sea-defence\dmengine\proj.wp8\Debug\dmgraphicsutils.obj
K:\workspace\visual studio\cocos2d-x-2.2\cocos2d-x-2.2\samples\Cpp\seadefence-all_platfrom\sea-defence\dmengine\proj.wp8\Debug\dmhash.obj
K:\workspace\visual studio\cocos2d-x-2.2\cocos2d-x-2.2\samples\Cpp\seadefence-all_platfrom\sea-defence\dmengine\proj.wp8\Debug\dmline.obj
K:\workspace\visual studio\cocos2d-x-2.2\cocos2d-x-2.2\samples\Cpp\seadefence-all_platfrom\sea-defence\dmengine\proj.wp8\Debug\dmliveobject.obj
K:\workspace\visual studio\cocos2d-x-2.2\cocos2d-x-2.2\samples\Cpp\seadefence-all_platfrom\sea-defence\dmengine\proj.wp8\Debug\dmliveobject_p.obj
K:\workspace\visual studio\cocos2d-x-2.2\cocos2d-x-2.2\samples\Cpp\seadefence-all_platfrom\sea-defence\dmengine\proj.wp8\Debug\dmlogger.obj
K:\workspace\visual studio\cocos2d-x-2.2\cocos2d-x-2.2\samples\Cpp\seadefence-all_platfrom\sea-defence\dmengine\proj.wp8\Debug\dmmalloc.obj
K:\workspace\visual studio\cocos2d-x-2.2\cocos2d-x-2.2\samples\Cpp\seadefence-all_platfrom\sea-defence\dmengine\proj.wp8\Debug\dmmath.obj
K:\workspace\visual studio\cocos2d-x-2.2\cocos2d-x-2.2\samples\Cpp\seadefence-all_platfrom\sea-defence\dmengine\proj.wp8\Debug\dmobject.obj
K:\workspace\visual studio\cocos2d-x-2.2\cocos2d-x-2.2\samples\Cpp\seadefence-all_platfrom\sea-defence\dmengine\proj.wp8\Debug\dmobserver.obj
K:\workspace\visual studio\cocos2d-x-2.2\cocos2d-x-2.2\samples\Cpp\seadefence-all_platfrom\sea-defence\dmengine\proj.wp8\Debug\dmpoint.obj
K:\workspace\visual studio\cocos2d-x-2.2\cocos2d-x-2.2\samples\Cpp\seadefence-all_platfrom\sea-defence\dmengine\proj.wp8\Debug\dmprobabilityutil.obj
K:\workspace\visual studio\cocos2d-x-2.2\cocos2d-x-2.2\samples\Cpp\seadefence-all_platfrom\sea-defence\dmengine\proj.wp8\Debug\dmrandom.obj
K:\workspace\visual studio\cocos2d-x-2.2\cocos2d-x-2.2\samples\Cpp\seadefence-all_platfrom\sea-defence\dmengine\proj.wp8\Debug\dmrect.obj
K:\workspace\visual studio\cocos2d-x-2.2\cocos2d-x-2.2\samples\Cpp\seadefence-all_platfrom\sea-defence\dmengine\proj.wp8\Debug\dmrefarray.obj
K:\workspace\visual studio\cocos2d-x-2.2\cocos2d-x-2.2\samples\Cpp\seadefence-all_platfrom\sea-defence\dmengine\proj.wp8\Debug\dmrefarray_p.obj
K:\workspace\visual studio\cocos2d-x-2.2\cocos2d-x-2.2\samples\Cpp\seadefence-all_platfrom\sea-defence\dmengine\proj.wp8\Debug\dmstringutil.obj
K:\workspace\visual studio\cocos2d-x-2.2\cocos2d-x-2.2\samples\Cpp\seadefence-all_platfrom\sea-defence\dmengine\proj.wp8\Debug\dmthread.obj
K:\workspace\visual studio\cocos2d-x-2.2\cocos2d-x-2.2\samples\Cpp\seadefence-all_platfrom\sea-defence\dmengine\proj.wp8\Debug\dmtime.obj
K:\workspace\visual studio\cocos2d-x-2.2\cocos2d-x-2.2\samples\Cpp\seadefence-all_platfrom\sea-defence\dmengine\proj.wp8\Debug\dmtimer.obj
K:\workspace\visual studio\cocos2d-x-2.2\cocos2d-x-2.2\samples\Cpp\seadefence-all_platfrom\sea-defence\dmengine\proj.wp8\Debug\dmvector.obj
K:\workspace\visual studio\cocos2d-x-2.2\cocos2d-x-2.2\samples\Cpp\seadefence-all_platfrom\sea-defence\dmengine\proj.wp8\Debug\dmzonehelper.obj
K:\workspace\visual studio\cocos2d-x-2.2\cocos2d-x-2.2\samples\Cpp\seadefence-all_platfrom\sea-defence\dmengine\proj.wp8\Debug\pch.obj
K:\workspace\visual studio\cocos2d-x-2.2\cocos2d-x-2.2\samples\Cpp\seadefence-all_platfrom\sea-defence\dmengine\proj.wp8\Debug\cl.command.1.tlog
K:\workspace\visual studio\cocos2d-x-2.2\cocos2d-x-2.2\samples\Cpp\seadefence-all_platfrom\sea-defence\dmengine\proj.wp8\Debug\CL.read.1.tlog
K:\workspace\visual studio\cocos2d-x-2.2\cocos2d-x-2.2\samples\Cpp\seadefence-all_platfrom\sea-defence\dmengine\proj.wp8\Debug\CL.write.1.tlog
K:\workspace\visual studio\cocos2d-x-2.2\cocos2d-x-2.2\samples\Cpp\seadefence-all_platfrom\sea-defence\dmengine\proj.wp8\Debug\dmengine.write.1.tlog
K:\workspace\visual studio\cocos2d-x-2.2\cocos2d-x-2.2\samples\Cpp\seadefence-all_platfrom\sea-defence\dmengine\proj.wp8\Debug\link.command.1.tlog
K:\workspace\visual studio\cocos2d-x-2.2\cocos2d-x-2.2\samples\Cpp\seadefence-all_platfrom\sea-defence\dmengine\proj.wp8\Debug\link.read.1.tlog
K:\workspace\visual studio\cocos2d-x-2.2\cocos2d-x-2.2\samples\Cpp\seadefence-all_platfrom\sea-defence\dmengine\proj.wp8\Debug\link.write.1.tlog
K:\workspace\visual studio\cocos2d-x-2.2\cocos2d-x-2.2\samples\Cpp\seadefence-all_platfrom\sea-defence\dmengine\proj.wp8\Debug\dmengine.pch
K:\workspace\visual studio\cocos2d-x-2.2\cocos2d-x-2.2\samples\Cpp\seadefence-all_platfrom\sea-defence\dmengine\proj.wp8\Debug\vc110.idb
K:\workspace\visual studio\cocos2d-x-2.2\cocos2d-x-2.2\samples\Cpp\seadefence-all_platfrom\sea-defence\dmengine\proj.wp8\Debug\vc110.pdb
K:\workspace\visual studio\cocos2d-x-2.2\cocos2d-x-2.2\samples\Cpp\seadefence-all_platfrom\sea-defence\dmengine\proj.wp8\\Debug\wp8\dmengine\dmengine.pdb
K:\workspace\visual studio\cocos2d-x-2.2\cocos2d-x-2.2\samples\Cpp\seadefence-all_platfrom\sea-defence\dmengine\proj.wp8\\Debug\wp8\dmengine\dmengine.dll
K:\workspace\visual studio\cocos2d-x-2.2\cocos2d-x-2.2\samples\Cpp\seadefence-all_platfrom\sea-defence\dmengine\proj.wp8\\Debug\wp8\dmengine\dmengine.ilk
